<?xml version="1.0" encoding="UTF-8"?>
<!-- Generated by org.testng.reporters.JUnitReportReporter -->
<testsuite hostname="HCLL202116" failures="0" tests="1" name="PlLottery.NewTest3" time="9.524" errors="0" timestamp="2022-05-31T19:33:59 IST" skipped="0">
  <testcase classname="PlLottery.NewTest3" name="proxy" time="9.524"/>
  <system-out/>
</testsuite> <!-- PlLottery.NewTest3 -->
