<?xml version="1.0" encoding="UTF-8"?>
<!-- Generated by org.testng.reporters.JUnitReportReporter -->
<testsuite hostname="HCLL202116" failures="0" tests="1" name="MNS.Demo" time="118.562" errors="0" timestamp="2022-06-15T15:04:59 IST" skipped="0">
  <testcase classname="MNS.Demo" name="f" time="118.562"/>
  <system-out/>
</testsuite> <!-- MNS.Demo -->
