<?xml version="1.0" encoding="UTF-8"?>
<!-- Generated by org.testng.reporters.JUnitReportReporter -->
<testsuite hostname="HCLL202116" failures="0" tests="1" name="MNS.MNSTranscation" time="127.614" errors="0" timestamp="2022-06-16T14:24:14 IST" skipped="0">
  <testcase classname="MNS.MNSTranscation" name="f" time="127.614"/>
  <system-out/>
</testsuite> <!-- MNS.MNSTranscation -->
